<?xml version="1.0" encoding="UTF-8"?>
<!-- Generated by org.testng.reporters.JUnitReportReporter -->
<testsuite hostname="DESKTOP-BDCU2EV" failures="0" tests="1" name="Advith.Basic_Login" time="6.751" errors="0" timestamp="28 Jul 2022 06:57:20 GMT">
  <testcase classname="Advith.Basic_Login" name="OrangeHRM" time="6.751"/>
</testsuite> <!-- Advith.Basic_Login -->
